Tutorial7/app/build/intermediates/manifest_merge_blame_file/debug/manifest-merger-blame-debug-report.txt
1<?xml version="1.0" encoding="utf-8"?>
2<manifest xmlns:android="http://schemas.android.com/apk/res/android"
3    package="com.Contoh_Rename.Haloo"
4    android:versionCode="1"
5    android:versionName="1.0" >
6
7    <uses-sdk
8        android:minSdkVersion="16"
8-->src\main\AndroidManifest.xml
9        android:targetSdkVersion="30" />
9-->src\main\AndroidManifest.xml
10
11    <uses-permission android:name="android.permission.READ_EXTERNAL_STORAGE" />
11-->src\main\AndroidManifest.xml:4:1-75
11-->src\main\AndroidManifest.xml:4:18-73
12    <uses-permission android:name="android.permission.WRITE_EXTERNAL_STORAGE" />
12-->src\main\AndroidManifest.xml:5:5-80
12-->src\main\AndroidManifest.xml:5:22-78
13
14    <application
14-->src\main\AndroidManifest.xml:6:5-36:19
15        android:allowBackup="true"
15-->src\main\AndroidManifest.xml:7:9-35
16        android:appComponentFactory="androidx.core.app.CoreComponentFactory"
16-->[androidx.core:core:1.3.1] AndroidManifest.xml:24:18-86
17        android:debuggable="true"
18        android:icon="@mipmap/ic_launcher"
18-->src\main\AndroidManifest.xml:8:9-43
19        android:label="@string/app_name"
19-->src\main\AndroidManifest.xml:9:9-41
20        android:roundIcon="@mipmap/ic_launcher_round"
20-->src\main\AndroidManifest.xml:10:9-54
21        android:supportsRtl="true"
21-->src\main\AndroidManifest.xml:11:9-35
22        android:theme="@style/Theme.Tutorial7" >
22-->src\main\AndroidManifest.xml:12:9-47
23        <activity android:name="com.Contoh_Rename.tutorial7.MainActivity" >
23-->src\main\AndroidManifest.xml:13:9-19:20
23-->src\main\AndroidManifest.xml:13:19-74
24            <intent-filter>
24-->src\main\AndroidManifest.xml:14:13-18:29
25                <action android:name="android.intent.action.MAIN" />
25-->src\main\AndroidManifest.xml:15:17-69
25-->src\main\AndroidManifest.xml:15:25-66
26
27                <category android:name="android.intent.category.LAUNCHER" />
27-->src\main\AndroidManifest.xml:17:17-77
27-->src\main\AndroidManifest.xml:17:27-74
28            </intent-filter>
29        </activity>
30        <activity android:name="com.Contoh_Rename.tutorial7.ActivityDataStudents" >
30-->src\main\AndroidManifest.xml:20:9-26:20
30-->src\main\AndroidManifest.xml:20:19-82
31            <intent-filter>
31-->src\main\AndroidManifest.xml:14:13-18:29
32                <action android:name="android.intent.action.MAIN" />
32-->src\main\AndroidManifest.xml:15:17-69
32-->src\main\AndroidManifest.xml:15:25-66
33
34                <category android:name="android.intent.category.LAUNCHER" />
34-->src\main\AndroidManifest.xml:17:17-77
34-->src\main\AndroidManifest.xml:17:27-74
35            </intent-filter>
36        </activity>
37        <activity
37-->src\main\AndroidManifest.xml:27:9-30:79
38            android:name="com.Contoh_Rename.tutorial7.ActivityModifyStudents"
38-->src\main\AndroidManifest.xml:28:13-78
39            android:label="@string/app_name"
39-->src\main\AndroidManifest.xml:29:13-45
40            android:theme="@android:style/Theme.DeviceDefault.Light.Dialog" />
40-->src\main\AndroidManifest.xml:30:13-76
41        <activity
41-->src\main\AndroidManifest.xml:31:9-34:79
42            android:name="com.Contoh_Rename.tutorial7.ActivityAddStudents"
42-->src\main\AndroidManifest.xml:32:13-75
43            android:label="@string/app_name"
43-->src\main\AndroidManifest.xml:33:13-45
44            android:theme="@android:style/Theme.DeviceDefault.Light.Dialog" />
44-->src\main\AndroidManifest.xml:34:13-76
45    </application>
46
47</manifest>